C51 COMPILER V9.00   DELAY                                                                 05/06/2014 23:17:40 PAGE 1   


C51 COMPILER V9.00, COMPILATION OF MODULE DELAY
OBJECT MODULE PLACED IN .\Output\Delay.obj
COMPILER INVOKED BY: C:\Keil\C51\BIN\C51.EXE BSP\Delay\Delay.c BROWSE INCDIR(.\BSP\Delay;.\BSP\UART;.\BSP\MCP2515) DEBUG
                    - OBJECTEXTEND PRINT(.\Listing\Delay.lst) OBJECT(.\Output\Delay.obj)

line level    source

   1          /**********************************************************************************
   2           * 文件名  ：Delay.c
   3           * 描述    ：定时器精确延时函数库         
   4           * 实验平台：NiRen_TwoHeart系统板
   5           * 硬件连接：无     
   6          **********************************************************************************/
   7          
   8          #include "Delay.h"
   9          #include "STC15F2Kxx.h"
  10          
  11          #define FOSC 11059200L                  //晶振频率(24MHz)       
  12          #define T1MS 65536-FOSC/1000    //定时1ms计数值 
  13          
  14          /*******************************************************************************
  15          * 函数名  : Timer0_Init_Config
  16          * 描述    : 定时器0 16位自动重载模式初始配置
  17          * 输入    : 无
  18          * 输出    : 无
  19          * 返回值  : 无
  20          * 说明    : 无
  21          *******************************************************************************/
  22          void Timer0_Init_Config(void)
  23          {
  24   1              AUXR |= 0x80;           //设置定时器0为1T模式(AUXR &= 0x7f;设置定时器0为12T模式)
  25   1          TMOD = 0x00;                //设置定时器为模式0(16位自动重装载)
  26   1          TR0 = 0;                    //失能定时器0计时
  27   1          ET0 = 0;                    //失能定时器0中断
  28   1      }
  29          
  30          /*******************************************************************************
  31          * 函数名  : Delay_Nms
  32          * 描述    : 定时器0查询的方式实现Nms(N毫秒)的精确延时
  33          * 输入    : ms：延时的毫秒数,最大为65525
  34          * 输出    : 无
  35          * 返回值  : 无
  36          * 说明    : 无
  37          *******************************************************************************/
  38          void Delay_Nms(unsigned int ms)
  39          {
  40   1              while(ms)
  41   1              {
  42   2                      ms--;
  43   2                  TL0 = T1MS;                 //设置定时器计数寄存器低8位
  44   2                  TH0 = T1MS >> 8;    //设置定时器计数寄存器高8位
  45   2                      TR0 = 1;                        //定时器0开始计时
  46   2                      while(TF0 == 0);
  47   2                      TF0 = 0;
  48   2                      TR0 = 0;                        //失能定时器0计时
  49   2                                      
  50   2              }
  51   1      }
  52          
  53          /*******************************************************************************
  54          * 函数名  : Delay_Ns
C51 COMPILER V9.00   DELAY                                                                 05/06/2014 23:17:40 PAGE 2   

  55          * 描述    : 定时器0查询的方式实现Ns(N秒)的精确延时
  56          * 输入    : s：延时的秒数,最大为65525
  57          * 输出    : 无
  58          * 返回值  : 无
  59          * 说明    : 无
  60          *******************************************************************************/
  61          void Delay_Ns(unsigned int s)
  62          {
  63   1              while(s--)
  64   1              {
  65   2                      Delay_Nms(1000);
  66   2              }
  67   1      }


MODULE INFORMATION:   STATIC OVERLAYABLE
   CODE SIZE        =     62    ----
   CONSTANT SIZE    =   ----    ----
   XDATA SIZE       =   ----    ----
   PDATA SIZE       =   ----    ----
   DATA SIZE        =   ----    ----
   IDATA SIZE       =   ----    ----
   BIT SIZE         =   ----    ----
END OF MODULE INFORMATION.


C51 COMPILATION COMPLETE.  0 WARNING(S),  0 ERROR(S)
