C51 COMPILER V9.00   UART                                                                  05/10/2014 22:25:07 PAGE 1   


C51 COMPILER V9.00, COMPILATION OF MODULE UART
OBJECT MODULE PLACED IN .\Output\UART.obj
COMPILER INVOKED BY: C:\Keil\C51\BIN\C51.EXE BSP\UART\UART.c BROWSE INCDIR(.\BSP\Delay;.\BSP\UART;.\BSP\MCP2515) DEBUG O
                    -BJECTEXTEND PRINT(.\Listing\UART.lst) OBJECT(.\Output\UART.obj)

line level    source

   1          #include "STC15F2Kxx.h"
   2          #include "uart.h"
*** ERROR C202 IN LINE 6 OF BSP\UART\UART.H: 'UART1_Rx_Buff_LEN': undefined identifier
*** ERROR C136 IN LINE 6 OF BSP\UART\UART.H: invalid dimension size: [0]
   3          #include "intrins.h"
   4          
   5          
   6          #define FOSC 11059200L  //系统频率(这里使用内部时钟晶振)
   7          #define BAUD 115200             //串口波特率
   8          
   9          bit busy=0;     //忙标志位
  10          unsigned char UART1_Rx_Buffer[UART1_Rx_Buff_LEN];//串口1接收保存缓冲区
*** ERROR C202 IN LINE 10 OF BSP\UART\UART.C: 'UART1_Rx_Buff_LEN': undefined identifier
*** ERROR C136 IN LINE 10 OF BSP\UART\UART.C: invalid dimension size: [0]
  11          unsigned char Uart1_Rece_Count=0;//当前一帧数据接收到的字节数
  12          unsigned char Uart1_Finish=0;//当前一帧数据接收完成标志
  13          unsigned char Uart1_Delay=0;//串口接收数据帧延时(ms)
  14          
  15          /*******************************************************************************
  16          * 函数名  : UART1_Init_Config
  17          * 描述    : UART1初始化配置
  18          * 输入    : 无
  19          * 输出    : 无
  20          * 返回值  : 无
  21          * 说明    : 无
  22          *******************************************************************************/
  23          void UART1_Init_Config(void)
  24          {
  25   1          P_SW1 &= 0x3f;                                      //设置串口1在(P3.0/RxD, P3.1/TxD)
  26   1          SCON = 0x50;                                        //8位UART,可变波特率,允许串行接收
  27   1              AUXR &= 0xfe;                                   //定时器1为1T模式       
  28   1          AUXR |= 0x40;                                       //定时器1为1T模式
  29   1              TMOD &= 0xF0;                                   //定时器1为模式0(16位自动重载)
  30   1          TL1 = (65536 - (FOSC/4/BAUD));      //设置波特率重装值的低8位
  31   1          TH1 = (65536 - (FOSC/4/BAUD))>>8;//设置波特率重装值的高8位
  32   1          TR1 = 1;                                            //启动定时器1计数
  33   1          ES = 1;                                                     //使能串口中断
  34   1          EA = 1;                                                     //使能总中断
  35   1      }
  36          
  37          /*******************************************************************************
  38          * 函数名  : UART1_ISR
  39          * 描述    : UART1中断服务函数
  40          * 输入    : 无
  41          * 输出    : 无
  42          * 返回值  : 无
  43          * 说明    : 无
  44          *******************************************************************************/
  45          void UART1_ISR(void) interrupt 4 using 1
  46          {
  47   1              unsigned char ch;
  48   1      
  49   1          if (RI)                     //接收数据
  50   1          {
C51 COMPILER V9.00   UART                                                                  05/10/2014 22:25:07 PAGE 2   

  51   2                      RI = 0;         //清除RI位
  52   2                      
  53   2                      ch=SBUF;
  54   2                      if(Uart1_Finish == 0)//当前一帧数据接收完成标志
  55   2                      {
  56   3                              UART1_Rx_Buffer[Uart1_Rece_Count]=ch;//将接收到的数据写入缓冲区
  57   3                              Uart1_Rece_Count++;//当前一帧数据接收到的字节数                 
  58   3                              if(Uart1_Rece_Count>=UART1_Rx_Buff_LEN)//接收缓冲区写满
*** ERROR C202 IN LINE 58 OF BSP\UART\UART.C: 'UART1_Rx_Buff_LEN': undefined identifier
  59   3                              {
  60   4                                      Uart1_Finish=1;//当前一帧数据接收完成标志
  61   4                              }
  62   3                              Uart1_Delay = 20;
  63   3                      }
  64   2          }
  65   1      
  66   1          if (TI)                     //发送数据
  67   1          {
  68   2              TI = 0;         //清除TI位
  69   2              busy = 0;       //清忙标志
  70   2          }
  71   1      }
  72          
  73          /*******************************************************************************
  74          * 函数名  : UART1_SendData
  75          * 描述    : UART1发送一个字节
  76          * 输入    : dat：待发送数据
  77          * 输出    : 无
  78          * 返回值  : 无
  79          * 说明    : 无
  80          *******************************************************************************/
  81          void UART1_SendData(unsigned char dat)
  82          {
  83   1          while (busy);       //等待前面的数据发送完成
  84   1          busy = 1;
  85   1          SBUF = dat;         //写数据到UART数据寄存器
  86   1      }
  87          
  88          /*******************************************************************************
  89          * 函数名  : UART1_SendString
  90          * 描述    : UART1发送一个字符串
  91          * 输入    : *s：待发送字符串首地址
  92          * 输出    : 无
  93          * 返回值  : 无
  94          * 说明    : 无
  95          *******************************************************************************/
  96          void UART1_SendString(char *s)
  97          {
  98   1          while(*s)                   //检测字符串结束标志
  99   1          {
 100   2              UART1_SendData(*s++);   //发送当前字符
 101   2          }
 102   1      }
 103          
 104          /*******************************************************************************
 105          * 函数名  : UART1_SendBuffer
 106          * 描述    : UART1发送一个缓冲区数据
 107          * 输入    : *buff：待发送缓冲区首地址,len：待发送数据长度
 108          * 输出    : 无
 109          * 返回值  : 无
 110          * 说明    : 无
 111          *******************************************************************************/
C51 COMPILER V9.00   UART                                                                  05/10/2014 22:25:07 PAGE 3   

 112          void UART1_SendBuffer(unsigned char *buff,unsigned int len)
 113          {
 114   1              unsigned int i=0;
 115   1      
 116   1              do
 117   1              {
 118   2                      UART1_SendData(buff[i++]);//发送当前字符
 119   2              }while(i<len);
 120   1      }

C51 COMPILATION COMPLETE.  0 WARNING(S),  5 ERROR(S)
