C51 COMPILER V9.00   LED                                                                   12/15/2013 23:01:58 PAGE 1   


C51 COMPILER V9.00, COMPILATION OF MODULE LED
OBJECT MODULE PLACED IN .\Output\LED.obj
COMPILER INVOKED BY: D:\program files (x86)\Keil\C51\BIN\C51.EXE BSP\LED\LED.c BROWSE INCDIR(.\BSP\LED;.\BSP\Delay;.\BSP
                    -\UART) DEBUG OBJECTEXTEND PRINT(.\Listing\LED.lst) OBJECT(.\Output\LED.obj)

line level    source

   1          /**********************************************************************************
   2           * 文件名  ：led.c
   3           * 描述    ：led 应用函数库         
   4           * 实验平台：NiRen_TwoHeart系统板
   5           * 硬件连接：  P21 -> LED       
   6          **********************************************************************************/
   7          
   8          #include "STC15F2Kxx.h"
   9          #include "LED.H"
  10          
  11          //定义LED的IO
  12          sbit LED = P2^1;
  13          
  14          /*点亮LED.P21*/
  15          void LED_ON(void)
  16          {
  17   1              LED=0;
  18   1      }
  19          
  20          /*关闭LED.P21*/
  21          void LED_OFF(void)
  22          {
  23   1              LED=1;
  24   1      }


MODULE INFORMATION:   STATIC OVERLAYABLE
   CODE SIZE        =      6    ----
   CONSTANT SIZE    =   ----    ----
   XDATA SIZE       =   ----    ----
   PDATA SIZE       =   ----    ----
   DATA SIZE        =   ----    ----
   IDATA SIZE       =   ----    ----
   BIT SIZE         =   ----    ----
END OF MODULE INFORMATION.


C51 COMPILATION COMPLETE.  0 WARNING(S),  0 ERROR(S)
